[debug] [2019-09-22T14:28:15.188Z] ----------------------------------------------------------------------
[debug] [2019-09-22T14:28:15.192Z] Command:       /usr/local/Cellar/node/12.6.0/bin/node /usr/local/bin/firebase login
[debug] [2019-09-22T14:28:15.192Z] CLI Version:   7.3.2
[debug] [2019-09-22T14:28:15.192Z] Platform:      darwin
[debug] [2019-09-22T14:28:15.192Z] Node Version:  v12.6.0
[debug] [2019-09-22T14:28:15.193Z] Time:          Sun Sep 22 2019 22:28:15 GMT+0800 (China Standard Time)
[debug] [2019-09-22T14:28:15.193Z] ----------------------------------------------------------------------
[debug] 
[info] i  Firebase optionally collects CLI usage and error reporting information to help improve our products. Data is collected in accordance with Google's privacy policy (https://policies.google.com/privacy) and is not used to identify you.

[info] i  To change your data collection preference at any time, run `firebase logout` and log in again.
[info] 
[info] Visit this URL on this device to log in:
[info] https://accounts.google.com/o/oauth2/auth?client_id=563584335869-fgrhgmd47bqnekij5i8b5pr03ho849e6.apps.googleusercontent.com&scope=email%20openid%20https%3A%2F%2Fwww.googleapis.com%2Fauth%2Fcloudplatformprojects.readonly%20https%3A%2F%2Fwww.googleapis.com%2Fauth%2Ffirebase%20https%3A%2F%2Fwww.googleapis.com%2Fauth%2Fcloud-platform&response_type=code&state=912086718&redirect_uri=http%3A%2F%2Flocalhost%3A9005
[info] 
[info] Waiting for authentication...
[debug] [2019-09-22T14:28:43.413Z] >>> HTTP REQUEST POST https://accounts.google.com/o/oauth2/token  

[debug] [2019-09-22T14:29:58.536Z] Token Fetch Error: FirebaseError: Server Error. connect ETIMEDOUT 0.0.11.234:443
    at Request._callback (/usr/local/lib/node_modules/firebase-tools/lib/api.js:30:31)
    at self.callback (/usr/local/lib/node_modules/firebase-tools/node_modules/request/request.js:185:22)
    at Request.emit (events.js:203:13)
    at Request.EventEmitter.emit (domain.js:471:20)
    at Request.onRequestError (/usr/local/lib/node_modules/firebase-tools/node_modules/request/request.js:881:8)
    at ClientRequest.emit (events.js:203:13)
    at ClientRequest.EventEmitter.emit (domain.js:471:20)
    at TLSSocket.socketErrorListener (_http_client.js:402:9)
    at TLSSocket.emit (events.js:203:13)
    at TLSSocket.EventEmitter.emit (domain.js:471:20)
